[03:58:54] [User Authenticator #125/INFO]: UUID of player Buckner7882 is f9d7d32f-0738-417f-90a0-ffa21d70243a
[03:58:54] [Server thread/INFO]: Buckner7882[/69.131.244.142:55135] logged in with entity id 48880750 at (-341.4543895924054, 84.1214754078105, -494.0194889628559)
[03:58:54] [Server thread/INFO]: Buckner7882 joined the game
[04:01:58] [Server thread/INFO]: Buckner7882 lost connection: TextComponent{text='Disconnected', siblings=[], style=Style{hasParent=false, color=null, bold=null, italic=null, underlined=null, obfuscated=null, clickEvent=null, hoverEvent=null, insertion=null}}
[04:01:58] [Server thread/INFO]: Buckner7882 left the game
[04:02:06] [User Authenticator #126/INFO]: UUID of player Buckner7882 is f9d7d32f-0738-417f-90a0-ffa21d70243a
[04:02:06] [Server thread/INFO]: Buckner7882[/69.131.244.142:55139] logged in with entity id 48889862 at (-148.42802419678875, 69.17647229136834, -557.2103033389246)
[04:02:06] [Server thread/INFO]: Buckner7882 joined the game
[04:02:23] [Server thread/INFO]: Buckner7882 lost connection: TextComponent{text='Disconnected', siblings=[], style=Style{hasParent=false, color=null, bold=null, italic=null, underlined=null, obfuscated=null, clickEvent=null, hoverEvent=null, insertion=null}}
[04:02:23] [Server thread/INFO]: Buckner7882 left the game
[13:44:03] [User Authenticator #127/INFO]: UUID of player Buckner7882 is f9d7d32f-0738-417f-90a0-ffa21d70243a
[13:44:03] [Server thread/INFO]: Buckner7882[/69.131.244.142:59391] logged in with entity id 48890066 at (-148.42802419678875, 69.17647229136834, -557.2103033389246)
[13:44:03] [Server thread/INFO]: Buckner7882 joined the game
[13:45:23] [Server thread/INFO]: [Buckner7882: Cleared the inventory of Buckner7882, removing 13 items]
[13:46:15] [Server thread/INFO]: [Buckner7882: Set the time to 0]
[13:57:31] [Server thread/INFO]: [Buckner7882: Set the time to 0]
[14:14:03] [Server thread/INFO]: Buckner7882 lost connection: TextComponent{text='Disconnected', siblings=[], style=Style{hasParent=false, color=null, bold=null, italic=null, underlined=null, obfuscated=null, clickEvent=null, hoverEvent=null, insertion=null}}
[14:14:03] [Server thread/INFO]: Buckner7882 left the game
[21:10:36] [User Authenticator #128/INFO]: UUID of player Buckner7882 is f9d7d32f-0738-417f-90a0-ffa21d70243a
[21:10:36] [Server thread/INFO]: Buckner7882[/69.131.244.142:60362] logged in with entity id 48922022 at (-137.66821363913678, 81.1143565909306, -806.0442112488763)
[21:10:36] [Server thread/INFO]: Buckner7882 joined the game
[21:10:37] [User Authenticator #129/INFO]: UUID of player Buckner7882 is f9d7d32f-0738-417f-90a0-ffa21d70243a
[21:10:39] [Server thread/INFO]: Buckner7882 lost connection: TextComponent{text='Disconnected', siblings=[], style=Style{hasParent=false, color=null, bold=null, italic=null, underlined=null, obfuscated=null, clickEvent=null, hoverEvent=null, insertion=null}}
[21:10:39] [Server thread/INFO]: Buckner7882 left the game
[21:10:39] [Server thread/INFO]: Buckner7882[/69.131.244.142:60364] logged in with entity id 48922345 at (-137.66821363913678, 81.1143565909306, -806.0442112488763)
[21:10:39] [Server thread/INFO]: Buckner7882 joined the game
[21:14:34] [Server thread/INFO]: [Buckner7882: 759 blocks cloned]
[21:57:56] [Server thread/INFO]: Buckner7882 lost connection: TextComponent{text='Disconnected', siblings=[], style=Style{hasParent=false, color=null, bold=null, italic=null, underlined=null, obfuscated=null, clickEvent=null, hoverEvent=null, insertion=null}}
[21:57:56] [Server thread/INFO]: Buckner7882 left the game
